TpTrace Verbose: 0 : 27768, 1, 2023/12/28, 01:06:34.488, 1214899022281, testhost.dll, Version: 17.7.1 Current process architecture: X64
TpTrace Verbose: 0 : 27768, 1, 2023/12/28, 01:06:34.490, 1214899039727, testhost.dll, Runtime location: C:\Program Files\dotnet\shared\Microsoft.NETCore.App\7.0.13
TpTrace Information: 0 : 27768, 1, 2023/12/28, 01:06:34.492, 1214899057212, testhost.dll, DefaultEngineInvoker.Invoke: Testhost process started with args :[--port, 57132],[--endpoint, 127.0.0.1:057132],[--role, client],[--parentprocessid, 28776],[--diag, C:\Develop\exams\PM\csharp\WpfApp1\Tests\bin\Debug\net7.0\fine-code-coverage\coverage-tool-output\diagnostics.host.23-12-28_01-06-34_33365_5.log],[--tracelevel, 4],[--datacollectionport, 57131],[--telemetryoptedin, false]
TpTrace Information: 0 : 27768, 1, 2023/12/28, 01:06:34.492, 1214899060423, testhost.dll, Setting up debug trace listener.
TpTrace Verbose: 0 : 27768, 1, 2023/12/28, 01:06:34.492, 1214899061537, testhost.dll, TestPlatformTraceListener.Setup: Replacing listener System.Diagnostics.DefaultTraceListener with TestHostTraceListener.
TpTrace Verbose: 0 : 27768, 1, 2023/12/28, 01:06:34.492, 1214899062180, testhost.dll, TestPlatformTraceListener.Setup: Added test platform trace listener.
TpTrace Information: 0 : 27768, 1, 2023/12/28, 01:06:34.492, 1214899064422, testhost.dll, DefaultEngineInvoker.SetParentProcessExitCallback: Monitoring parent process with id: '28776'
TpTrace Information: 0 : 27768, 1, 2023/12/28, 01:06:34.495, 1214899085853, testhost.dll, DefaultEngineInvoker.GetConnectionInfo: Initialize communication on endpoint address: '127.0.0.1:057132'
TpTrace Information: 0 : 27768, 1, 2023/12/28, 01:06:34.500, 1214899137300, testhost.dll, SocketClient.Start: connecting to server endpoint: 127.0.0.1:057132
TpTrace Information: 0 : 27768, 1, 2023/12/28, 01:06:34.505, 1214899189360, testhost.dll, DefaultEngineInvoker.ConnectToDatacollector: Connecting to datacollector, port: 57131
TpTrace Information: 0 : 27768, 8, 2023/12/28, 01:06:34.505, 1214899193630, testhost.dll, SocketClient.OnServerConnected: connected to server endpoint: 127.0.0.1:057132
TpTrace Information: 0 : 27768, 1, 2023/12/28, 01:06:34.506, 1214899196963, testhost.dll, Trying to connect to server on socket : 127.0.0.1:57131 
TpTrace Verbose: 0 : 27768, 1, 2023/12/28, 01:06:34.506, 1214899198761, testhost.dll, SocketCommunicationManager : SetupClientAsync : Attempting to connect to the server.
TpTrace Verbose: 0 : 27768, 8, 2023/12/28, 01:06:34.507, 1214899206508, testhost.dll, MulticastDelegateUtilities.SafeInvoke: SocketClient: ServerConnected: Invoking callback 1/1 for Microsoft.VisualStudio.TestPlatform.CommunicationUtilities.TestRequestHandler., took 0 ms.
TpTrace Verbose: 0 : 27768, 8, 2023/12/28, 01:06:34.507, 1214899207004, testhost.dll, Connected to server, and starting MessageLoopAsync
TpTrace Information: 0 : 27768, 12, 2023/12/28, 01:06:34.507, 1214899214319, testhost.dll, Connected to the server successfully 
TpTrace Information: 0 : 27768, 12, 2023/12/28, 01:06:34.507, 1214899215088, testhost.dll, Using the buffer size of 16384 bytes
TpTrace Verbose: 0 : 27768, 1, 2023/12/28, 01:06:34.508, 1214899215964, testhost.dll, SocketCommunicationManager.WaitForServerConnection took: 0 ms, with 90000 ms timeout, and finished with True.
TpTrace Verbose: 0 : 27768, 8, 2023/12/28, 01:06:34.508, 1214899216782, testhost.dll, TcpClientExtensions.MessageLoopAsync: Polling on remoteEndPoint: [::ffff:127.0.0.1]:57132 localEndPoint: [::ffff:127.0.0.1]:57133
TpTrace Information: 0 : 27768, 1, 2023/12/28, 01:06:34.508, 1214899216845, testhost.dll, DefaultEngineInvoker.Invoke: Start Request Processing.
TpTrace Verbose: 0 : 27768, 8, 2023/12/28, 01:06:34.508, 1214899217613, testhost.dll, TcpClientExtensions.MessageLoopAsync: NotifyDataAvailable remoteEndPoint: [::ffff:127.0.0.1]:57132 localEndPoint: [::ffff:127.0.0.1]:57133
TpTrace Information: 0 : 27768, 13, 2023/12/28, 01:06:34.508, 1214899222505, testhost.dll, DefaultEngineInvoker.StartProcessingAsync: Connected to vstest.console, Starting process requests.
TpTrace Information: 0 : 27768, 8, 2023/12/28, 01:06:34.510, 1214899240112, testhost.dll, TestRequestHandler.OnMessageReceived: received message: (ProtocolVersion) -> {"MessageType":"ProtocolVersion","Payload":7}
TpTrace Verbose: 0 : 27768, 8, 2023/12/28, 01:06:34.587, 1214900010821, testhost.dll, TestRequestHandler.SendData: sending data from testhost: {"Version":7,"MessageType":"TestSession.Message","Payload":{"MessageLevel":0,"Message":"Logging TestHost Diagnostics in file: C:\\Develop\\exams\\PM\\csharp\\WpfApp1\\Tests\\bin\\Debug\\net7.0\\fine-code-coverage\\coverage-tool-output\\diagnostics.host.23-12-28_01-06-34_33365_5.log"}}
TpTrace Verbose: 0 : 27768, 8, 2023/12/28, 01:06:34.587, 1214900012212, testhost.dll, MulticastDelegateUtilities.SafeInvoke: LengthPrefixCommunicationChannel: MessageReceived: Invoking callback 1/1 for Microsoft.VisualStudio.TestPlatform.CommunicationUtilities.TestRequestHandler., took 78 ms.
TpTrace Verbose: 0 : 27768, 8, 2023/12/28, 01:06:34.587, 1214900012476, testhost.dll, TcpClientExtensions.MessageLoopAsync: Polling on remoteEndPoint: [::ffff:127.0.0.1]:57132 localEndPoint: [::ffff:127.0.0.1]:57133
TpTrace Verbose: 0 : 27768, 8, 2023/12/28, 01:06:34.587, 1214900012682, testhost.dll, TcpClientExtensions.MessageLoopAsync: NotifyDataAvailable remoteEndPoint: [::ffff:127.0.0.1]:57132 localEndPoint: [::ffff:127.0.0.1]:57133
TpTrace Information: 0 : 27768, 8, 2023/12/28, 01:06:34.587, 1214900014489, testhost.dll, TestRequestHandler.OnMessageReceived: received message: (TestExecution.Initialize) -> {"Version":7,"MessageType":"TestExecution.Initialize","Payload":["C:\\Develop\\exams\\PM\\csharp\\WpfApp1\\Tests\\bin\\Debug\\net7.0\\fine-code-coverage\\build-output\\Microsoft.VisualStudio.TestPlatform.MSTest.TestAdapter.dll"]}
TpTrace Verbose: 0 : 27768, 8, 2023/12/28, 01:06:34.592, 1214900064242, testhost.dll, MulticastDelegateUtilities.SafeInvoke: LengthPrefixCommunicationChannel: MessageReceived: Invoking callback 1/1 for Microsoft.VisualStudio.TestPlatform.CommunicationUtilities.TestRequestHandler., took 5 ms.
TpTrace Verbose: 0 : 27768, 8, 2023/12/28, 01:06:34.592, 1214900064757, testhost.dll, TcpClientExtensions.MessageLoopAsync: Polling on remoteEndPoint: [::ffff:127.0.0.1]:57132 localEndPoint: [::ffff:127.0.0.1]:57133
TpTrace Information: 0 : 27768, 4, 2023/12/28, 01:06:34.593, 1214900070815, testhost.dll, TestRequestHandler.OnMessageReceived: Running job 'TestExecution.Initialize'.
TpTrace Verbose: 0 : 27768, 4, 2023/12/28, 01:06:34.595, 1214900085947, testhost.dll, TestExecutorService: Loading the extensions
TpTrace Verbose: 0 : 27768, 8, 2023/12/28, 01:06:34.595, 1214900085901, testhost.dll, TcpClientExtensions.MessageLoopAsync: NotifyDataAvailable remoteEndPoint: [::ffff:127.0.0.1]:57132 localEndPoint: [::ffff:127.0.0.1]:57133
TpTrace Information: 0 : 27768, 8, 2023/12/28, 01:06:34.595, 1214900087322, testhost.dll, TestRequestHandler.OnMessageReceived: received message: (TestExecution.StartWithSources) -> {"Version":7,"MessageType":"TestExecution.StartWithSources","Payload":{"AdapterSourceMap":{"_none_":["C:\\Develop\\exams\\PM\\csharp\\WpfApp1\\Tests\\bin\\Debug\\net7.0\\fine-code-coverage\\build-output\\Tests.dll"]},"RunSettings":"<RunSettings>\r\n  <RunConfiguration>\r\n    <ResultsDirectory>C:\\Develop\\exams\\PM\\csharp\\WpfApp1\\Tests\\bin\\Debug\\net7.0\\fine-code-coverage\\coverage-tool-output</ResultsDirectory>\r\n    <TargetFrameworkVersion>.NETCoreApp,Version=v7.0</TargetFrameworkVersion>\r\n    <DesignMode>False</DesignMode>\r\n    <CollectSourceInformation>False</CollectSourceInformation>\r\n  </RunConfiguration>\r\n  <LoggerRunSettings>\r\n    <Loggers>\r\n      <Logger friendlyName=\"blame\" enabled=\"True\" />\r\n      <Logger friendlyName=\"Console\" uri=\"logger://microsoft/TestPlatform/ConsoleLogger/v1\" assemblyQualifiedName=\"Microsoft.VisualStudio.TestPlatform.CommandLine.Internal.ConsoleLogger, vstest.console, Version=15.0.0.0, Culture=neutral, PublicKeyToken=b03f5f7f11d50a3a\" codeBase=\"C:\\Program Files\\dotnet\\sdk\\7.0.403\\vstest.console.dll\" enabled=\"True\" />\r\n    </Loggers>\r\n  </LoggerRunSettings>\r\n  <DataCollectionRunSettings>\r\n    <DataCollectors>\r\n      <DataCollector friendlyName=\"blame\" enabled=\"True\">\r\n        <Configuration>\r\n          <ResultsDirectory>C:\\Develop\\exams\\PM\\csharp\\WpfApp1\\Tests\\bin\\Debug\\net7.0\\fine-code-coverage\\coverage-tool-output</ResultsDirectory>\r\n        </Configuration>\r\n      </DataCollector>\r\n    </DataCollectors>\r\n  </DataCollectionRunSettings>\r\n</RunSettings>","TestExecutionContext":{"FrequencyOfRunStatsChangeEvent":10,"RunStatsChangeEventTimeout":"00:00:01.5000000","InIsolation":false,"KeepAlive":false,"AreTestCaseLevelEventsRequired":false,"IsDebug":false,"TestCaseFilter":null,"FilterOptions":null},"Package":null}}
TpTrace Verbose: 0 : 27768, 4, 2023/12/28, 01:06:34.596, 1214900095663, testhost.dll, TestPluginCache.DiscoverTestExtensions: finding test extensions in assemblies ends with: TestAdapter.dll TPluginInfo: Microsoft.VisualStudio.TestPlatform.Common.ExtensionFramework.Utilities.TestExecutorPluginInformation TExtension: Microsoft.VisualStudio.TestPlatform.ObjectModel.Adapter.ITestExecutor
TpTrace Verbose: 0 : 27768, 4, 2023/12/28, 01:06:34.596, 1214900104844, testhost.dll, TestPluginCache.GetExtensionPaths: Filtered extension paths: 
TpTrace Verbose: 0 : 27768, 4, 2023/12/28, 01:06:34.597, 1214900107222, testhost.dll, TestPluginCache.GetExtensionPaths: Added default extension paths: C:\Develop\exams\PM\csharp\WpfApp1\Tests\bin\Debug\net7.0\fine-code-coverage\build-output\Microsoft.VisualStudio.TestPlatform.MSTest.TestAdapter.dll
TpTrace Verbose: 0 : 27768, 4, 2023/12/28, 01:06:34.597, 1214900107591, testhost.dll, TestPluginCache.GetExtensionPaths: Added unfilterableExtensionPaths: 
TpTrace Information: 0 : 27768, 4, 2023/12/28, 01:06:34.598, 1214900118139, testhost.dll, AssemblyResolver.ctor: Creating AssemblyResolver with searchDirectories C:\Develop\exams\PM\csharp\WpfApp1\Tests\bin\Debug\net7.0\fine-code-coverage\build-output
TpTrace Verbose: 0 : 27768, 4, 2023/12/28, 01:06:34.598, 1214900124759, testhost.dll, TestPluginCache.DiscoverTestExtensions: Discovering the extensions using extension path.
TpTrace Verbose: 0 : 27768, 4, 2023/12/28, 01:06:34.599, 1214900125611, testhost.dll, TestPluginCache.GetExtensionPaths: Filtered extension paths: 
TpTrace Verbose: 0 : 27768, 4, 2023/12/28, 01:06:34.599, 1214900125848, testhost.dll, TestPluginCache.GetExtensionPaths: Added default extension paths: C:\Develop\exams\PM\csharp\WpfApp1\Tests\bin\Debug\net7.0\fine-code-coverage\build-output\Microsoft.VisualStudio.TestPlatform.MSTest.TestAdapter.dll
TpTrace Verbose: 0 : 27768, 4, 2023/12/28, 01:06:34.599, 1214900125999, testhost.dll, TestPluginCache.GetExtensionPaths: Added unfilterableExtensionPaths: 
TpTrace Verbose: 0 : 27768, 4, 2023/12/28, 01:06:34.599, 1214900126501, testhost.dll, TestPluginCache.DiscoverTestExtensions: Discovering the extensions using allExtensionPaths: C:\Develop\exams\PM\csharp\WpfApp1\Tests\bin\Debug\net7.0\fine-code-coverage\build-output\Microsoft.VisualStudio.TestPlatform.MSTest.TestAdapter.dll
TpTrace Information: 0 : 27768, 4, 2023/12/28, 01:06:34.599, 1214900130142, testhost.dll, AssemblyResolver.AddSearchDirectories: Adding more searchDirectories C:\Develop\exams\PM\csharp\WpfApp1\Tests\bin\Debug\net7.0\fine-code-coverage\build-output
TpTrace Information: 0 : 27768, 4, 2023/12/28, 01:06:34.600, 1214900144178, testhost.dll, AssemblyResolver.OnResolve: Microsoft.VisualStudio.TestPlatform.MSTest.TestAdapter: Resolving assembly.
TpTrace Information: 0 : 27768, 4, 2023/12/28, 01:06:34.600, 1214900144733, testhost.dll, AssemblyResolver.OnResolve: Microsoft.VisualStudio.TestPlatform.MSTest.TestAdapter: Searching in: 'C:\Develop\exams\PM\csharp\WpfApp1\Tests\bin\Debug\net7.0\fine-code-coverage\build-output'.
TpTrace Information: 0 : 27768, 4, 2023/12/28, 01:06:34.606, 1214900195658, testhost.dll, AssemblyResolver.OnResolve: Microsoft.VisualStudio.TestPlatform.MSTest.TestAdapter: Loading assembly 'C:\Develop\exams\PM\csharp\WpfApp1\Tests\bin\Debug\net7.0\fine-code-coverage\build-output\Microsoft.VisualStudio.TestPlatform.MSTest.TestAdapter.dll'.
TpTrace Information: 0 : 27768, 4, 2023/12/28, 01:06:34.606, 1214900202030, testhost.dll, AssemblyResolver.OnResolve: Resolved assembly: Microsoft.VisualStudio.TestPlatform.MSTest.TestAdapter, from path: C:\Develop\exams\PM\csharp\WpfApp1\Tests\bin\Debug\net7.0\fine-code-coverage\build-output\Microsoft.VisualStudio.TestPlatform.MSTest.TestAdapter.dll
TpTrace Verbose: 0 : 27768, 8, 2023/12/28, 01:06:34.609, 1214900226951, testhost.dll, MulticastDelegateUtilities.SafeInvoke: LengthPrefixCommunicationChannel: MessageReceived: Invoking callback 1/1 for Microsoft.VisualStudio.TestPlatform.CommunicationUtilities.TestRequestHandler., took 13 ms.
TpTrace Verbose: 0 : 27768, 8, 2023/12/28, 01:06:34.609, 1214900227397, testhost.dll, TcpClientExtensions.MessageLoopAsync: Polling on remoteEndPoint: [::ffff:127.0.0.1]:57132 localEndPoint: [::ffff:127.0.0.1]:57133
TpTrace Verbose: 0 : 27768, 4, 2023/12/28, 01:06:34.615, 1214900287181, testhost.dll, MetadataReaderExtensionsHelper: Discovering extensions inside assembly 'Microsoft.VisualStudio.TestPlatform.MSTest.TestAdapter, Version=14.0.0.0, Culture=neutral, PublicKeyToken=b03f5f7f11d50a3a' file path 'C:\Develop\exams\PM\csharp\WpfApp1\Tests\bin\Debug\net7.0\fine-code-coverage\build-output\Microsoft.VisualStudio.TestPlatform.MSTest.TestAdapter.dll'
TpTrace Information: 0 : 27768, 4, 2023/12/28, 01:06:34.617, 1214900312442, testhost.dll, GetTestExtensionFromType: Register extension with identifier data 'executor://MSTestAdapter/v2' and type 'Microsoft.VisualStudio.TestPlatform.MSTest.TestAdapter.MSTestExecutor, Microsoft.VisualStudio.TestPlatform.MSTest.TestAdapter, Version=14.0.0.0, Culture=neutral, PublicKeyToken=b03f5f7f11d50a3a' inside file 'C:\Develop\exams\PM\csharp\WpfApp1\Tests\bin\Debug\net7.0\fine-code-coverage\build-output\Microsoft.VisualStudio.TestPlatform.MSTest.TestAdapter.dll'
TpTrace Verbose: 0 : 27768, 4, 2023/12/28, 01:06:34.619, 1214900325710, testhost.dll, TestPluginCache: Discovered the extensions using extension path ''.
TpTrace Verbose: 0 : 27768, 4, 2023/12/28, 01:06:34.619, 1214900329078, testhost.dll, TestPluginCache: Discoverers are ''.
TpTrace Verbose: 0 : 27768, 4, 2023/12/28, 01:06:34.619, 1214900329569, testhost.dll, TestPluginCache: Executors are 'executor://MSTestAdapter/v2'.
TpTrace Verbose: 0 : 27768, 4, 2023/12/28, 01:06:34.619, 1214900329929, testhost.dll, TestPluginCache: Executors2 are ''.
TpTrace Verbose: 0 : 27768, 4, 2023/12/28, 01:06:34.619, 1214900330267, testhost.dll, TestPluginCache: Setting providers are ''.
TpTrace Verbose: 0 : 27768, 4, 2023/12/28, 01:06:34.619, 1214900330658, testhost.dll, TestPluginCache: Loggers are ''.
TpTrace Verbose: 0 : 27768, 4, 2023/12/28, 01:06:34.619, 1214900330971, testhost.dll, TestPluginCache: TestHosts are ''.
TpTrace Verbose: 0 : 27768, 4, 2023/12/28, 01:06:34.619, 1214900331273, testhost.dll, TestPluginCache: DataCollectors are ''.
TpTrace Verbose: 0 : 27768, 4, 2023/12/28, 01:06:34.620, 1214900343563, testhost.dll, TestPluginCache.DiscoverTestExtensions: finding test extensions in assemblies ends with: TestAdapter.dll TPluginInfo: Microsoft.VisualStudio.TestPlatform.Common.ExtensionFramework.Utilities.TestExecutorPluginInformation2 TExtension: Microsoft.VisualStudio.TestPlatform.ObjectModel.Adapter.ITestExecutor2
TpTrace Verbose: 0 : 27768, 4, 2023/12/28, 01:06:34.620, 1214900345365, testhost.dll, TestPluginCache.GetExtensionPaths: Filtered extension paths: 
TpTrace Verbose: 0 : 27768, 4, 2023/12/28, 01:06:34.621, 1214900345716, testhost.dll, TestPluginCache.GetExtensionPaths: Added default extension paths: C:\Develop\exams\PM\csharp\WpfApp1\Tests\bin\Debug\net7.0\fine-code-coverage\build-output\Microsoft.VisualStudio.TestPlatform.MSTest.TestAdapter.dll
TpTrace Verbose: 0 : 27768, 4, 2023/12/28, 01:06:34.621, 1214900345875, testhost.dll, TestPluginCache.GetExtensionPaths: Added unfilterableExtensionPaths: 
TpTrace Information: 0 : 27768, 4, 2023/12/28, 01:06:34.621, 1214900346968, testhost.dll, AssemblyResolver.AddSearchDirectories: Adding more searchDirectories C:\Develop\exams\PM\csharp\WpfApp1\Tests\bin\Debug\net7.0\fine-code-coverage\build-output
TpTrace Verbose: 0 : 27768, 4, 2023/12/28, 01:06:34.621, 1214900347617, testhost.dll, TestPluginCache.DiscoverTestExtensions: Discovering the extensions using extension path.
TpTrace Verbose: 0 : 27768, 4, 2023/12/28, 01:06:34.621, 1214900347823, testhost.dll, TestPluginCache.GetExtensionPaths: Filtered extension paths: 
TpTrace Verbose: 0 : 27768, 4, 2023/12/28, 01:06:34.621, 1214900347967, testhost.dll, TestPluginCache.GetExtensionPaths: Added default extension paths: C:\Develop\exams\PM\csharp\WpfApp1\Tests\bin\Debug\net7.0\fine-code-coverage\build-output\Microsoft.VisualStudio.TestPlatform.MSTest.TestAdapter.dll
TpTrace Verbose: 0 : 27768, 4, 2023/12/28, 01:06:34.621, 1214900348161, testhost.dll, TestPluginCache.GetExtensionPaths: Added unfilterableExtensionPaths: 
TpTrace Verbose: 0 : 27768, 4, 2023/12/28, 01:06:34.621, 1214900348305, testhost.dll, TestPluginCache.DiscoverTestExtensions: Discovering the extensions using allExtensionPaths: C:\Develop\exams\PM\csharp\WpfApp1\Tests\bin\Debug\net7.0\fine-code-coverage\build-output\Microsoft.VisualStudio.TestPlatform.MSTest.TestAdapter.dll
TpTrace Information: 0 : 27768, 4, 2023/12/28, 01:06:34.621, 1214900348524, testhost.dll, AssemblyResolver.AddSearchDirectories: Adding more searchDirectories C:\Develop\exams\PM\csharp\WpfApp1\Tests\bin\Debug\net7.0\fine-code-coverage\build-output
TpTrace Verbose: 0 : 27768, 4, 2023/12/28, 01:06:34.621, 1214900348914, testhost.dll, MetadataReaderExtensionsHelper: Discovering extensions inside assembly 'Microsoft.VisualStudio.TestPlatform.MSTest.TestAdapter, Version=14.0.0.0, Culture=neutral, PublicKeyToken=b03f5f7f11d50a3a' file path 'C:\Develop\exams\PM\csharp\WpfApp1\Tests\bin\Debug\net7.0\fine-code-coverage\build-output\Microsoft.VisualStudio.TestPlatform.MSTest.TestAdapter.dll'
TpTrace Verbose: 0 : 27768, 4, 2023/12/28, 01:06:34.621, 1214900351633, testhost.dll, TestPluginCache: Discovered the extensions using extension path ''.
TpTrace Verbose: 0 : 27768, 4, 2023/12/28, 01:06:34.621, 1214900351957, testhost.dll, TestPluginCache: Discoverers are ''.
TpTrace Verbose: 0 : 27768, 4, 2023/12/28, 01:06:34.621, 1214900352160, testhost.dll, TestPluginCache: Executors are 'executor://MSTestAdapter/v2'.
TpTrace Verbose: 0 : 27768, 4, 2023/12/28, 01:06:34.621, 1214900352539, testhost.dll, TestPluginCache: Executors2 are ''.
TpTrace Verbose: 0 : 27768, 4, 2023/12/28, 01:06:34.621, 1214900352699, testhost.dll, TestPluginCache: Setting providers are ''.
TpTrace Verbose: 0 : 27768, 4, 2023/12/28, 01:06:34.621, 1214900352825, testhost.dll, TestPluginCache: Loggers are ''.
TpTrace Verbose: 0 : 27768, 4, 2023/12/28, 01:06:34.621, 1214900352943, testhost.dll, TestPluginCache: TestHosts are ''.
TpTrace Verbose: 0 : 27768, 4, 2023/12/28, 01:06:34.621, 1214900353060, testhost.dll, TestPluginCache: DataCollectors are ''.
TpTrace Information: 0 : 27768, 4, 2023/12/28, 01:06:34.624, 1214900376101, testhost.dll, TestPluginManager.CreateTestExtension: Attempting to load test extension: Microsoft.VisualStudio.TestPlatform.MSTest.TestAdapter.MSTestExecutor
TpTrace Verbose: 0 : 27768, 4, 2023/12/28, 01:06:34.627, 1214900407402, testhost.dll, TestExecutorExtensionManager: Loading executor Microsoft.VisualStudio.TestPlatform.Common.ExtensionDecorators.SerialTestRunDecorator
TpTrace Verbose: 0 : 27768, 4, 2023/12/28, 01:06:34.627, 1214900407854, testhost.dll, TestExecutorService: Loaded the executors
TpTrace Verbose: 0 : 27768, 4, 2023/12/28, 01:06:34.627, 1214900411751, testhost.dll, TestPluginCache.DiscoverTestExtensions: finding test extensions in assemblies ends with: TestAdapter.dll TPluginInfo: Microsoft.VisualStudio.TestPlatform.Common.ExtensionFramework.Utilities.TestSettingsProviderPluginInformation TExtension: Microsoft.VisualStudio.TestPlatform.ObjectModel.Adapter.ISettingsProvider
TpTrace Verbose: 0 : 27768, 4, 2023/12/28, 01:06:34.627, 1214900412434, testhost.dll, TestPluginCache.GetExtensionPaths: Filtered extension paths: 
TpTrace Verbose: 0 : 27768, 4, 2023/12/28, 01:06:34.627, 1214900412686, testhost.dll, TestPluginCache.GetExtensionPaths: Added default extension paths: C:\Develop\exams\PM\csharp\WpfApp1\Tests\bin\Debug\net7.0\fine-code-coverage\build-output\Microsoft.VisualStudio.TestPlatform.MSTest.TestAdapter.dll
TpTrace Verbose: 0 : 27768, 4, 2023/12/28, 01:06:34.627, 1214900412853, testhost.dll, TestPluginCache.GetExtensionPaths: Added unfilterableExtensionPaths: 
TpTrace Information: 0 : 27768, 4, 2023/12/28, 01:06:34.627, 1214900413445, testhost.dll, AssemblyResolver.AddSearchDirectories: Adding more searchDirectories C:\Develop\exams\PM\csharp\WpfApp1\Tests\bin\Debug\net7.0\fine-code-coverage\build-output
TpTrace Verbose: 0 : 27768, 4, 2023/12/28, 01:06:34.627, 1214900413670, testhost.dll, TestPluginCache.DiscoverTestExtensions: Discovering the extensions using extension path.
TpTrace Verbose: 0 : 27768, 4, 2023/12/28, 01:06:34.627, 1214900413818, testhost.dll, TestPluginCache.GetExtensionPaths: Filtered extension paths: 
TpTrace Verbose: 0 : 27768, 4, 2023/12/28, 01:06:34.627, 1214900413950, testhost.dll, TestPluginCache.GetExtensionPaths: Added default extension paths: C:\Develop\exams\PM\csharp\WpfApp1\Tests\bin\Debug\net7.0\fine-code-coverage\build-output\Microsoft.VisualStudio.TestPlatform.MSTest.TestAdapter.dll
TpTrace Verbose: 0 : 27768, 4, 2023/12/28, 01:06:34.627, 1214900414078, testhost.dll, TestPluginCache.GetExtensionPaths: Added unfilterableExtensionPaths: 
TpTrace Verbose: 0 : 27768, 4, 2023/12/28, 01:06:34.627, 1214900414255, testhost.dll, TestPluginCache.DiscoverTestExtensions: Discovering the extensions using allExtensionPaths: C:\Develop\exams\PM\csharp\WpfApp1\Tests\bin\Debug\net7.0\fine-code-coverage\build-output\Microsoft.VisualStudio.TestPlatform.MSTest.TestAdapter.dll
TpTrace Information: 0 : 27768, 4, 2023/12/28, 01:06:34.627, 1214900414465, testhost.dll, AssemblyResolver.AddSearchDirectories: Adding more searchDirectories C:\Develop\exams\PM\csharp\WpfApp1\Tests\bin\Debug\net7.0\fine-code-coverage\build-output
TpTrace Verbose: 0 : 27768, 4, 2023/12/28, 01:06:34.627, 1214900414776, testhost.dll, MetadataReaderExtensionsHelper: Discovering extensions inside assembly 'Microsoft.VisualStudio.TestPlatform.MSTest.TestAdapter, Version=14.0.0.0, Culture=neutral, PublicKeyToken=b03f5f7f11d50a3a' file path 'C:\Develop\exams\PM\csharp\WpfApp1\Tests\bin\Debug\net7.0\fine-code-coverage\build-output\Microsoft.VisualStudio.TestPlatform.MSTest.TestAdapter.dll'
TpTrace Verbose: 0 : 27768, 4, 2023/12/28, 01:06:34.628, 1214900417275, testhost.dll, TestPluginCache: Discovered the extensions using extension path ''.
TpTrace Verbose: 0 : 27768, 4, 2023/12/28, 01:06:34.628, 1214900417747, testhost.dll, TestPluginCache: Discoverers are ''.
TpTrace Verbose: 0 : 27768, 4, 2023/12/28, 01:06:34.628, 1214900417904, testhost.dll, TestPluginCache: Executors are 'executor://MSTestAdapter/v2'.
TpTrace Verbose: 0 : 27768, 4, 2023/12/28, 01:06:34.628, 1214900418039, testhost.dll, TestPluginCache: Executors2 are ''.
TpTrace Verbose: 0 : 27768, 4, 2023/12/28, 01:06:34.628, 1214900418227, testhost.dll, TestPluginCache: Setting providers are ''.
TpTrace Verbose: 0 : 27768, 4, 2023/12/28, 01:06:34.628, 1214900418411, testhost.dll, TestPluginCache: Loggers are ''.
TpTrace Verbose: 0 : 27768, 4, 2023/12/28, 01:06:34.628, 1214900418532, testhost.dll, TestPluginCache: TestHosts are ''.
TpTrace Verbose: 0 : 27768, 4, 2023/12/28, 01:06:34.628, 1214900418652, testhost.dll, TestPluginCache: DataCollectors are ''.
TpTrace Verbose: 0 : 27768, 4, 2023/12/28, 01:06:34.628, 1214900422212, testhost.dll, TestExecutorService: Loaded the settings providers
TpTrace Information: 0 : 27768, 4, 2023/12/28, 01:06:34.628, 1214900422559, testhost.dll, TestExecutorService: Loaded the extensions
TpTrace Information: 0 : 27768, 4, 2023/12/28, 01:06:34.628, 1214900425050, testhost.dll, TestRequestHandler.OnMessageReceived: Running job 'TestExecution.StartWithSources'.
TpTrace Verbose: 0 : 27768, 4, 2023/12/28, 01:06:34.662, 1214900764187, testhost.dll, MulticastDelegateUtilities.SafeInvoke: TestCaseEventsHandler.RaiseSessionStart: Invoking callbacks was skipped because there are no subscribers.
TpTrace Information: 0 : 27768, 4, 2023/12/28, 01:06:34.664, 1214900778090, testhost.dll, TestDiscoveryManager: Discovering tests from sources C:\Develop\exams\PM\csharp\WpfApp1\Tests\bin\Debug\net7.0\fine-code-coverage\build-output\Tests.dll
TpTrace Verbose: 0 : 27768, 4, 2023/12/28, 01:06:34.665, 1214900789161, testhost.dll, TestPluginCache.DiscoverTestExtensions: finding test extensions in assemblies ends with: TestAdapter.dll TPluginInfo: Microsoft.VisualStudio.TestPlatform.Common.ExtensionFramework.Utilities.TestDiscovererPluginInformation TExtension: Microsoft.VisualStudio.TestPlatform.ObjectModel.Adapter.ITestDiscoverer
TpTrace Verbose: 0 : 27768, 4, 2023/12/28, 01:06:34.665, 1214900790020, testhost.dll, TestPluginCache.GetExtensionPaths: Filtered extension paths: 
TpTrace Verbose: 0 : 27768, 4, 2023/12/28, 01:06:34.665, 1214900790260, testhost.dll, TestPluginCache.GetExtensionPaths: Added default extension paths: C:\Develop\exams\PM\csharp\WpfApp1\Tests\bin\Debug\net7.0\fine-code-coverage\build-output\Microsoft.VisualStudio.TestPlatform.MSTest.TestAdapter.dll
TpTrace Verbose: 0 : 27768, 4, 2023/12/28, 01:06:34.665, 1214900790405, testhost.dll, TestPluginCache.GetExtensionPaths: Added unfilterableExtensionPaths: 
TpTrace Information: 0 : 27768, 4, 2023/12/28, 01:06:34.665, 1214900791116, testhost.dll, AssemblyResolver.AddSearchDirectories: Adding more searchDirectories C:\Develop\exams\PM\csharp\WpfApp1\Tests\bin\Debug\net7.0\fine-code-coverage\build-output
TpTrace Verbose: 0 : 27768, 4, 2023/12/28, 01:06:34.665, 1214900791414, testhost.dll, TestPluginCache.DiscoverTestExtensions: Discovering the extensions using extension path.
TpTrace Verbose: 0 : 27768, 4, 2023/12/28, 01:06:34.665, 1214900791557, testhost.dll, TestPluginCache.GetExtensionPaths: Filtered extension paths: 
TpTrace Verbose: 0 : 27768, 4, 2023/12/28, 01:06:34.665, 1214900791737, testhost.dll, TestPluginCache.GetExtensionPaths: Added default extension paths: C:\Develop\exams\PM\csharp\WpfApp1\Tests\bin\Debug\net7.0\fine-code-coverage\build-output\Microsoft.VisualStudio.TestPlatform.MSTest.TestAdapter.dll
TpTrace Verbose: 0 : 27768, 4, 2023/12/28, 01:06:34.665, 1214900791870, testhost.dll, TestPluginCache.GetExtensionPaths: Added unfilterableExtensionPaths: 
TpTrace Verbose: 0 : 27768, 4, 2023/12/28, 01:06:34.665, 1214900792004, testhost.dll, TestPluginCache.DiscoverTestExtensions: Discovering the extensions using allExtensionPaths: C:\Develop\exams\PM\csharp\WpfApp1\Tests\bin\Debug\net7.0\fine-code-coverage\build-output\Microsoft.VisualStudio.TestPlatform.MSTest.TestAdapter.dll
TpTrace Information: 0 : 27768, 4, 2023/12/28, 01:06:34.665, 1214900792210, testhost.dll, AssemblyResolver.AddSearchDirectories: Adding more searchDirectories C:\Develop\exams\PM\csharp\WpfApp1\Tests\bin\Debug\net7.0\fine-code-coverage\build-output
TpTrace Verbose: 0 : 27768, 4, 2023/12/28, 01:06:34.665, 1214900792715, testhost.dll, MetadataReaderExtensionsHelper: Discovering extensions inside assembly 'Microsoft.VisualStudio.TestPlatform.MSTest.TestAdapter, Version=14.0.0.0, Culture=neutral, PublicKeyToken=b03f5f7f11d50a3a' file path 'C:\Develop\exams\PM\csharp\WpfApp1\Tests\bin\Debug\net7.0\fine-code-coverage\build-output\Microsoft.VisualStudio.TestPlatform.MSTest.TestAdapter.dll'
TpTrace Information: 0 : 27768, 4, 2023/12/28, 01:06:34.666, 1214900803338, testhost.dll, GetTestExtensionFromType: Register extension with identifier data 'Microsoft.VisualStudio.TestPlatform.MSTest.TestAdapter.MSTestDiscoverer, Microsoft.VisualStudio.TestPlatform.MSTest.TestAdapter, Version=14.0.0.0, Culture=neutral, PublicKeyToken=b03f5f7f11d50a3a' and type 'Microsoft.VisualStudio.TestPlatform.MSTest.TestAdapter.MSTestDiscoverer, Microsoft.VisualStudio.TestPlatform.MSTest.TestAdapter, Version=14.0.0.0, Culture=neutral, PublicKeyToken=b03f5f7f11d50a3a' inside file 'C:\Develop\exams\PM\csharp\WpfApp1\Tests\bin\Debug\net7.0\fine-code-coverage\build-output\Microsoft.VisualStudio.TestPlatform.MSTest.TestAdapter.dll'
TpTrace Verbose: 0 : 27768, 4, 2023/12/28, 01:06:34.666, 1214900804374, testhost.dll, TestPluginCache: Discovered the extensions using extension path ''.
TpTrace Verbose: 0 : 27768, 4, 2023/12/28, 01:06:34.666, 1214900804843, testhost.dll, TestPluginCache: Discoverers are 'Microsoft.VisualStudio.TestPlatform.MSTest.TestAdapter.MSTestDiscoverer, Microsoft.VisualStudio.TestPlatform.MSTest.TestAdapter, Version=14.0.0.0, Culture=neutral, PublicKeyToken=b03f5f7f11d50a3a'.
TpTrace Verbose: 0 : 27768, 4, 2023/12/28, 01:06:34.666, 1214900805041, testhost.dll, TestPluginCache: Executors are 'executor://MSTestAdapter/v2'.
TpTrace Verbose: 0 : 27768, 4, 2023/12/28, 01:06:34.666, 1214900805190, testhost.dll, TestPluginCache: Executors2 are ''.
TpTrace Verbose: 0 : 27768, 4, 2023/12/28, 01:06:34.666, 1214900805319, testhost.dll, TestPluginCache: Setting providers are ''.
TpTrace Verbose: 0 : 27768, 4, 2023/12/28, 01:06:34.666, 1214900805441, testhost.dll, TestPluginCache: Loggers are ''.
TpTrace Verbose: 0 : 27768, 4, 2023/12/28, 01:06:34.667, 1214900805564, testhost.dll, TestPluginCache: TestHosts are ''.
TpTrace Verbose: 0 : 27768, 4, 2023/12/28, 01:06:34.667, 1214900805682, testhost.dll, TestPluginCache: DataCollectors are ''.
TpTrace Verbose: 0 : 27768, 4, 2023/12/28, 01:06:34.669, 1214900832452, testhost.dll, BaseRunTests.RunTestInternalWithExecutors: Running tests for executor://MSTestAdapter/v2
TpTrace Information: 0 : 27768, 4, 2023/12/28, 01:06:34.671, 1214900855157, testhost.dll, AssemblyResolver.OnResolve: Microsoft.VisualStudio.TestPlatform.MSTestAdapter.PlatformServices.Interface: Resolving assembly.
TpTrace Information: 0 : 27768, 4, 2023/12/28, 01:06:34.672, 1214900855667, testhost.dll, AssemblyResolver.OnResolve: Microsoft.VisualStudio.TestPlatform.MSTestAdapter.PlatformServices.Interface: Searching in: 'C:\Develop\exams\PM\csharp\WpfApp1\Tests\bin\Debug\net7.0\fine-code-coverage\build-output'.
TpTrace Information: 0 : 27768, 4, 2023/12/28, 01:06:34.672, 1214900857749, testhost.dll, AssemblyResolver.OnResolve: Microsoft.VisualStudio.TestPlatform.MSTestAdapter.PlatformServices.Interface: Loading assembly 'C:\Develop\exams\PM\csharp\WpfApp1\Tests\bin\Debug\net7.0\fine-code-coverage\build-output\Microsoft.VisualStudio.TestPlatform.MSTestAdapter.PlatformServices.Interface.dll'.
TpTrace Information: 0 : 27768, 4, 2023/12/28, 01:06:34.672, 1214900861348, testhost.dll, AssemblyResolver.OnResolve: Resolved assembly: Microsoft.VisualStudio.TestPlatform.MSTestAdapter.PlatformServices.Interface, from path: C:\Develop\exams\PM\csharp\WpfApp1\Tests\bin\Debug\net7.0\fine-code-coverage\build-output\Microsoft.VisualStudio.TestPlatform.MSTestAdapter.PlatformServices.Interface.dll
TpTrace Information: 0 : 27768, 4, 2023/12/28, 01:06:34.674, 1214900875740, testhost.dll, AssemblyResolver.OnResolve: Microsoft.VisualStudio.TestPlatform.MSTestAdapter.PlatformServices: Resolving assembly.
TpTrace Information: 0 : 27768, 4, 2023/12/28, 01:06:34.674, 1214900876788, testhost.dll, AssemblyResolver.OnResolve: Microsoft.VisualStudio.TestPlatform.MSTestAdapter.PlatformServices: Searching in: 'C:\Develop\exams\PM\csharp\WpfApp1\Tests\bin\Debug\net7.0\fine-code-coverage\build-output'.
TpTrace Information: 0 : 27768, 4, 2023/12/28, 01:06:34.674, 1214900878623, testhost.dll, AssemblyResolver.OnResolve: Microsoft.VisualStudio.TestPlatform.MSTestAdapter.PlatformServices: Loading assembly 'C:\Develop\exams\PM\csharp\WpfApp1\Tests\bin\Debug\net7.0\fine-code-coverage\build-output\Microsoft.VisualStudio.TestPlatform.MSTestAdapter.PlatformServices.dll'.
TpTrace Information: 0 : 27768, 4, 2023/12/28, 01:06:34.674, 1214900882266, testhost.dll, AssemblyResolver.OnResolve: Resolved assembly: Microsoft.VisualStudio.TestPlatform.MSTestAdapter.PlatformServices, from path: C:\Develop\exams\PM\csharp\WpfApp1\Tests\bin\Debug\net7.0\fine-code-coverage\build-output\Microsoft.VisualStudio.TestPlatform.MSTestAdapter.PlatformServices.dll
TpTrace Information: 0 : 27768, 4, 2023/12/28, 01:06:34.674, 1214900884401, testhost.dll, MSTest - MSTestExecutor.RunTests: Running tests from sources.
TpTrace Information: 0 : 27768, 4, 2023/12/28, 01:06:34.676, 1214900901571, testhost.dll, MSTest - CollectSourceInformation value Found : False 
TpTrace Information: 0 : 27768, 4, 2023/12/28, 01:06:34.684, 1214900983205, testhost.dll, MSTest - DictionaryHelper.ConcatWithOverwrites: The source is null or empty, returning the overwrite dictionary.
TpTrace Information: 0 : 27768, 4, 2023/12/28, 01:06:34.686, 1214901005415, testhost.dll, MSTest - DictionaryHelper.ConcatWithOverwrites: The source is null or empty, returning the overwrite dictionary.
TpTrace Information: 0 : 27768, 4, 2023/12/28, 01:06:34.687, 1214901007067, testhost.dll, MSTest - DictionaryHelper.ConcatWithOverwrites: The source is null or empty, returning the overwrite dictionary.
TpTrace Information: 0 : 27768, 4, 2023/12/28, 01:06:34.687, 1214901008365, testhost.dll, MSTest - DictionaryHelper.ConcatWithOverwrites: The source is null or empty, returning the overwrite dictionary.
TpTrace Information: 0 : 27768, 4, 2023/12/28, 01:06:34.689, 1214901033003, testhost.dll, AssemblyResolver.OnResolve: Microsoft.TestPlatform.AdapterUtilities: Resolving assembly.
TpTrace Information: 0 : 27768, 4, 2023/12/28, 01:06:34.689, 1214901033517, testhost.dll, AssemblyResolver.OnResolve: Microsoft.TestPlatform.AdapterUtilities: Searching in: 'C:\Develop\exams\PM\csharp\WpfApp1\Tests\bin\Debug\net7.0\fine-code-coverage\build-output'.
TpTrace Information: 0 : 27768, 4, 2023/12/28, 01:06:34.689, 1214901035474, testhost.dll, AssemblyResolver.OnResolve: Microsoft.TestPlatform.AdapterUtilities: Loading assembly 'C:\Develop\exams\PM\csharp\WpfApp1\Tests\bin\Debug\net7.0\fine-code-coverage\build-output\Microsoft.TestPlatform.AdapterUtilities.dll'.
TpTrace Information: 0 : 27768, 4, 2023/12/28, 01:06:34.690, 1214901039585, testhost.dll, AssemblyResolver.OnResolve: Resolved assembly: Microsoft.TestPlatform.AdapterUtilities, from path: C:\Develop\exams\PM\csharp\WpfApp1\Tests\bin\Debug\net7.0\fine-code-coverage\build-output\Microsoft.TestPlatform.AdapterUtilities.dll
TpTrace Information: 0 : 27768, 4, 2023/12/28, 01:06:34.702, 1214901159672, testhost.dll, MSTest - DictionaryHelper.ConcatWithOverwrites: The source is null or empty, returning the overwrite dictionary.
TpTrace Information: 0 : 27768, 4, 2023/12/28, 01:06:34.702, 1214901161283, testhost.dll, MSTest - MSTestDiscoverer: Found 2 tests from source C:\Develop\exams\PM\csharp\WpfApp1\Tests\bin\Debug\net7.0\fine-code-coverage\build-output\Tests.dll
TpTrace Information: 0 : 27768, 4, 2023/12/28, 01:06:34.711, 1214901255314, testhost.dll, AssemblyResolver.OnResolve: Microsoft.VisualStudio.TestPlatform.MSTestAdapter.PlatformServices.resources: Resolving assembly.
TpTrace Information: 0 : 27768, 4, 2023/12/28, 01:06:34.712, 1214901256024, testhost.dll, AssemblyResolver.OnResolve: Microsoft.VisualStudio.TestPlatform.MSTestAdapter.PlatformServices.resources: Searching in: 'C:\Develop\exams\PM\csharp\WpfApp1\Tests\bin\Debug\net7.0\fine-code-coverage\build-output'.
TpTrace Information: 0 : 27768, 4, 2023/12/28, 01:06:34.712, 1214901256562, testhost.dll, AssemblyResolver.OnResolve: Microsoft.VisualStudio.TestPlatform.MSTestAdapter.PlatformServices.resources: Assembly path does not exist: 'C:\Develop\exams\PM\csharp\WpfApp1\Tests\bin\Debug\net7.0\fine-code-coverage\build-output\Microsoft.VisualStudio.TestPlatform.MSTestAdapter.PlatformServices.resources.dll', returning.
TpTrace Information: 0 : 27768, 4, 2023/12/28, 01:06:34.712, 1214901257080, testhost.dll, AssemblyResolver.OnResolve: Microsoft.VisualStudio.TestPlatform.MSTestAdapter.PlatformServices.resources: Assembly path does not exist: 'C:\Develop\exams\PM\csharp\WpfApp1\Tests\bin\Debug\net7.0\fine-code-coverage\build-output\Microsoft.VisualStudio.TestPlatform.MSTestAdapter.PlatformServices.resources.exe', returning.
TpTrace Information: 0 : 27768, 4, 2023/12/28, 01:06:34.712, 1214901257274, testhost.dll, AssemblyResolver.OnResolve: Microsoft.VisualStudio.TestPlatform.MSTestAdapter.PlatformServices.resources: Failed to load assembly.
TpTrace Information: 0 : 27768, 4, 2023/12/28, 01:06:34.712, 1214901258826, testhost.dll, AssemblyResolver.OnResolve: Microsoft.VisualStudio.TestPlatform.MSTestAdapter.PlatformServices.resources: Resolving assembly.
TpTrace Information: 0 : 27768, 4, 2023/12/28, 01:06:34.712, 1214901259142, testhost.dll, AssemblyResolver.OnResolve: Microsoft.VisualStudio.TestPlatform.MSTestAdapter.PlatformServices.resources: Resolved from cache.
TpTrace Information: 0 : 27768, 4, 2023/12/28, 01:06:34.716, 1214901299650, testhost.dll, MSTest - Created unit-test runner C:\Develop\exams\PM\csharp\WpfApp1\Tests\bin\Debug\net7.0\fine-code-coverage\build-output\Tests.dll
TpTrace Verbose: 0 : 27768, 4, 2023/12/28, 01:06:34.720, 1214901341445, testhost.dll, TestExecutionRecorder.RecordStart: Starting test: Tests.UnitTest1.AuthorizationAdminCheck_returnTrue.
TpTrace Verbose: 0 : 27768, 4, 2023/12/28, 01:06:34.757, 1214901706927, testhost.dll, MulticastDelegateUtilities.SafeInvoke: TestCaseEventsHandler.RaiseTestCaseStart: Invoking callback 1/1 for Microsoft.VisualStudio.TestPlatform.CrossPlatEngine.DataCollection.ProxyOutOfProcDataCollectionManager., took 35 ms.
TpTrace Information: 0 : 27768, 4, 2023/12/28, 01:06:34.758, 1214901716673, testhost.dll, MSTest - Executing test AuthorizationAdminCheck_returnTrue
TpTrace Information: 0 : 27768, 4, 2023/12/28, 01:06:34.767, 1214901812097, testhost.dll, AssemblyResolver.OnResolve: Microsoft.VisualStudio.TestPlatform.MSTest.TestAdapter.resources: Resolving assembly.
TpTrace Information: 0 : 27768, 4, 2023/12/28, 01:06:34.767, 1214901812801, testhost.dll, AssemblyResolver.OnResolve: Microsoft.VisualStudio.TestPlatform.MSTest.TestAdapter.resources: Searching in: 'C:\Develop\exams\PM\csharp\WpfApp1\Tests\bin\Debug\net7.0\fine-code-coverage\build-output'.
TpTrace Information: 0 : 27768, 4, 2023/12/28, 01:06:34.767, 1214901813221, testhost.dll, AssemblyResolver.OnResolve: Microsoft.VisualStudio.TestPlatform.MSTest.TestAdapter.resources: Assembly path does not exist: 'C:\Develop\exams\PM\csharp\WpfApp1\Tests\bin\Debug\net7.0\fine-code-coverage\build-output\Microsoft.VisualStudio.TestPlatform.MSTest.TestAdapter.resources.dll', returning.
TpTrace Information: 0 : 27768, 4, 2023/12/28, 01:06:34.767, 1214901813604, testhost.dll, AssemblyResolver.OnResolve: Microsoft.VisualStudio.TestPlatform.MSTest.TestAdapter.resources: Assembly path does not exist: 'C:\Develop\exams\PM\csharp\WpfApp1\Tests\bin\Debug\net7.0\fine-code-coverage\build-output\Microsoft.VisualStudio.TestPlatform.MSTest.TestAdapter.resources.exe', returning.
TpTrace Information: 0 : 27768, 4, 2023/12/28, 01:06:34.767, 1214901813782, testhost.dll, AssemblyResolver.OnResolve: Microsoft.VisualStudio.TestPlatform.MSTest.TestAdapter.resources: Failed to load assembly.
TpTrace Information: 0 : 27768, 4, 2023/12/28, 01:06:34.777, 1214901906259, testhost.dll, MSTest - Executed test AuthorizationAdminCheck_returnTrue
TpTrace Verbose: 0 : 27768, 4, 2023/12/28, 01:06:34.778, 1214901924612, testhost.dll, TestExecutionRecorder.RecordEnd: test: Tests.UnitTest1.AuthorizationAdminCheck_returnTrue execution completed.
TpTrace Verbose: 0 : 27768, 4, 2023/12/28, 01:06:34.788, 1214902018811, testhost.dll, MulticastDelegateUtilities.SafeInvoke: TestCaseEventsHandler.RaiseTestCaseEnd: Invoking callback 1/1 for Microsoft.VisualStudio.TestPlatform.CrossPlatEngine.DataCollection.ProxyOutOfProcDataCollectionManager., took 8 ms.
TpTrace Information: 0 : 27768, 4, 2023/12/28, 01:06:34.788, 1214902022262, testhost.dll, MSTest - MSTestExecutor:Test Tests.UnitTest1.AuthorizationAdminCheck_returnTrue failed. ErrorMessage:Test method Tests.UnitTest1.AuthorizationAdminCheck_returnTrue threw exception: 
System.BadImageFormatException: Could not load file or assembly 'C:\Develop\exams\PM\csharp\WpfApp1\Tests\bin\Debug\net7.0\fine-code-coverage\build-output\WpfApp1.exe'. Format of the executable (.exe) or library (.dll) is invalid., ErrorStackTrace:    at Tests.UnitTest1.AuthorizationAdminCheck_returnTrue()
   at System.RuntimeMethodHandle.InvokeMethod(Object target, Void** arguments, Signature sig, Boolean isConstructor)
   at System.Reflection.MethodInvoker.Invoke(Object obj, IntPtr* args, BindingFlags invokeAttr)
.
TpTrace Verbose: 0 : 27768, 4, 2023/12/28, 01:06:34.788, 1214902023945, testhost.dll, TestExecutionRecorder.RecordResult: Received result for test: Tests.UnitTest1.AuthorizationAdminCheck_returnTrue.
TpTrace Verbose: 0 : 27768, 4, 2023/12/28, 01:06:34.789, 1214902030411, testhost.dll, MulticastDelegateUtilities.SafeInvoke: TestCaseEventsHandler.RaiseTestCaseEnd: Invoking callback 1/1 for Microsoft.VisualStudio.TestPlatform.CrossPlatEngine.DataCollection.ProxyOutOfProcDataCollectionManager., took 0 ms.
TpTrace Warning: 0 : 27768, 4, 2023/12/28, 01:06:34.790, 1214902045325, testhost.dll, TestRunCache: InProgressTests is null
TpTrace Warning: 0 : 27768, 4, 2023/12/28, 01:06:34.791, 1214902046489, testhost.dll, TestRunCache: No test found corresponding to testResult 'AuthorizationAdminCheck_returnTrue' in inProgress list.
TpTrace Verbose: 0 : 27768, 4, 2023/12/28, 01:06:34.791, 1214902047547, testhost.dll, TestExecutionRecorder.RecordStart: Starting test: Tests.UnitTest1.AuthorizationCheck_returnFalse.
TpTrace Verbose: 0 : 27768, 4, 2023/12/28, 01:06:34.792, 1214902062106, testhost.dll, MulticastDelegateUtilities.SafeInvoke: TestCaseEventsHandler.RaiseTestCaseStart: Invoking callback 1/1 for Microsoft.VisualStudio.TestPlatform.CrossPlatEngine.DataCollection.ProxyOutOfProcDataCollectionManager., took 1 ms.
TpTrace Information: 0 : 27768, 4, 2023/12/28, 01:06:34.792, 1214902062625, testhost.dll, MSTest - Executing test AuthorizationCheck_returnFalse
TpTrace Information: 0 : 27768, 4, 2023/12/28, 01:06:34.793, 1214902069531, testhost.dll, MSTest - Executed test AuthorizationCheck_returnFalse
TpTrace Verbose: 0 : 27768, 4, 2023/12/28, 01:06:34.793, 1214902070266, testhost.dll, TestExecutionRecorder.RecordEnd: test: Tests.UnitTest1.AuthorizationCheck_returnFalse execution completed.
TpTrace Verbose: 0 : 27768, 4, 2023/12/28, 01:06:34.794, 1214902082182, testhost.dll, MulticastDelegateUtilities.SafeInvoke: TestCaseEventsHandler.RaiseTestCaseEnd: Invoking callback 1/1 for Microsoft.VisualStudio.TestPlatform.CrossPlatEngine.DataCollection.ProxyOutOfProcDataCollectionManager., took 1 ms.
TpTrace Information: 0 : 27768, 4, 2023/12/28, 01:06:34.794, 1214902082642, testhost.dll, MSTest - MSTestExecutor:Test Tests.UnitTest1.AuthorizationCheck_returnFalse failed. ErrorMessage:Test method Tests.UnitTest1.AuthorizationCheck_returnFalse threw exception: 
System.BadImageFormatException: Could not load file or assembly 'C:\Develop\exams\PM\csharp\WpfApp1\Tests\bin\Debug\net7.0\fine-code-coverage\build-output\WpfApp1.exe'. Format of the executable (.exe) or library (.dll) is invalid., ErrorStackTrace:    at Tests.UnitTest1.AuthorizationCheck_returnFalse()
   at System.RuntimeMethodHandle.InvokeMethod(Object target, Void** arguments, Signature sig, Boolean isConstructor)
   at System.Reflection.MethodInvoker.Invoke(Object obj, IntPtr* args, BindingFlags invokeAttr)
.
TpTrace Verbose: 0 : 27768, 4, 2023/12/28, 01:06:34.794, 1214902083228, testhost.dll, TestExecutionRecorder.RecordResult: Received result for test: Tests.UnitTest1.AuthorizationCheck_returnFalse.
TpTrace Verbose: 0 : 27768, 4, 2023/12/28, 01:06:34.794, 1214902084782, testhost.dll, MulticastDelegateUtilities.SafeInvoke: TestCaseEventsHandler.RaiseTestCaseEnd: Invoking callback 1/1 for Microsoft.VisualStudio.TestPlatform.CrossPlatEngine.DataCollection.ProxyOutOfProcDataCollectionManager., took 0 ms.
TpTrace Warning: 0 : 27768, 4, 2023/12/28, 01:06:34.795, 1214902087376, testhost.dll, TestRunCache: InProgressTests is null
TpTrace Warning: 0 : 27768, 4, 2023/12/28, 01:06:34.795, 1214902087700, testhost.dll, TestRunCache: No test found corresponding to testResult 'AuthorizationCheck_returnFalse' in inProgress list.
TpTrace Information: 0 : 27768, 4, 2023/12/28, 01:06:34.795, 1214902088932, testhost.dll, MSTest - Executing cleanup methods.
TpTrace Information: 0 : 27768, 4, 2023/12/28, 01:06:34.796, 1214902097074, testhost.dll, MSTest - Executed cleanup methods.
TpTrace Information: 0 : 27768, 4, 2023/12/28, 01:06:34.796, 1214902097428, testhost.dll, MSTest - Executed tests belonging to source C:\Develop\exams\PM\csharp\WpfApp1\Tests\bin\Debug\net7.0\fine-code-coverage\build-output\Tests.dll
TpTrace Verbose: 0 : 27768, 4, 2023/12/28, 01:06:34.796, 1214902100499, testhost.dll, BaseRunTests.RunTestInternalWithExecutors: Completed running tests for executor://MSTestAdapter/v2
TpTrace Verbose: 0 : 27768, 4, 2023/12/28, 01:06:34.797, 1214902107717, testhost.dll, MulticastDelegateUtilities.SafeInvoke: TestCaseEventsHandler.RaiseSessionEnd: Invoking callback 1/1 for Microsoft.VisualStudio.TestPlatform.CrossPlatEngine.DataCollection.ProxyOutOfProcDataCollectionManager., took 0 ms.
TpTrace Information: 0 : 27768, 4, 2023/12/28, 01:06:34.799, 1214902130724, testhost.dll, Sending test run complete
TpTrace Verbose: 0 : 27768, 4, 2023/12/28, 01:06:34.821, 1214902348600, testhost.dll, TestRequestHandler.SendData: sending data from testhost: {"Version":7,"MessageType":"TestExecution.Completed","Payload":{"TestRunCompleteArgs":{"TestRunStatistics":{"ExecutedTests":2,"Stats":{"Failed":2}},"IsCanceled":false,"IsAborted":false,"Error":null,"AttachmentSets":[],"InvokedDataCollectors":[],"ElapsedTimeInRunningTests":"00:00:00.1284139","Metrics":{},"DiscoveredExtensions":{"TestDiscoverers":["Microsoft.VisualStudio.TestPlatform.MSTest.TestAdapter.MSTestDiscoverer, Microsoft.VisualStudio.TestPlatform.MSTest.TestAdapter, Version=14.0.0.0, Culture=neutral, PublicKeyToken=b03f5f7f11d50a3a"],"TestExecutors":["executor://MSTestAdapter/v2"],"TestExecutors2":[],"TestSettingsProviders":[]}},"LastRunTests":{"NewTestResults":[{"TestCase":{"Id":"526ffd30-90e1-a296-20ab-b772ed657e71","FullyQualifiedName":"Tests.UnitTest1.AuthorizationAdminCheck_returnTrue","DisplayName":"AuthorizationAdminCheck_returnTrue","ExecutorUri":"executor://MSTestAdapter/v2","Source":"C:\\Develop\\exams\\PM\\csharp\\WpfApp1\\Tests\\bin\\Debug\\net7.0\\fine-code-coverage\\build-output\\Tests.dll","CodeFilePath":null,"LineNumber":-1,"Properties":[{"Key":{"Id":"MSTestDiscoverer.TestClassName","Label":"ClassName","Category":"","Description":"","Attributes":1,"ValueType":"System.String"},"Value":"Tests.UnitTest1"},{"Key":{"Id":"TestCase.Hierarchy","Label":"Hierarchy","Category":"","Description":"","Attributes":2,"ValueType":"System.String[]"},"Value":["Tests","UnitTest1"]},{"Key":{"Id":"TestCase.ManagedType","Label":"ManagedType","Category":"","Description":"","Attributes":1,"ValueType":"System.String"},"Value":"Tests.UnitTest1"},{"Key":{"Id":"TestObject.Traits","Label":"Traits","Category":"","Description":"","Attributes":5,"ValueType":"System.Collections.Generic.KeyValuePair`2[[System.String],[System.String]][]"},"Value":[]},{"Key":{"Id":"TestCase.ManagedMethod","Label":"ManagedMethod","Category":"","Description":"","Attributes":1,"ValueType":"System.String"},"Value":"AuthorizationAdminCheck_returnTrue"}]},"Attachments":[],"Outcome":2,"ErrorMessage":"Test method Tests.UnitTest1.AuthorizationAdminCheck_returnTrue threw exception: \r\nSystem.BadImageFormatException: Could not load file or assembly 'C:\\Develop\\exams\\PM\\csharp\\WpfApp1\\Tests\\bin\\Debug\\net7.0\\fine-code-coverage\\build-output\\WpfApp1.exe'. Format of the executable (.exe) or library (.dll) is invalid.","ErrorStackTrace":"    at Tests.UnitTest1.AuthorizationAdminCheck_returnTrue()\r\n   at System.RuntimeMethodHandle.InvokeMethod(Object target, Void** arguments, Signature sig, Boolean isConstructor)\r\n   at System.Reflection.MethodInvoker.Invoke(Object obj, IntPtr* args, BindingFlags invokeAttr)\r\n","DisplayName":"AuthorizationAdminCheck_returnTrue","Messages":[],"ComputerName":null,"Duration":"00:00:00.0106980","StartTime":"2023-12-28T01:06:34.7572286+05:00","EndTime":"2023-12-28T01:06:34.7771506+05:00","Properties":[{"Key":{"Id":"ParentExecId","Label":"ParentExecId","Category":"","Description":"","Attributes":1,"ValueType":"System.Guid"},"Value":"00000000-0000-0000-0000-000000000000"},{"Key":{"Id":"InnerResultsCount","Label":"InnerResultsCount","Category":"","Description":"","Attributes":1,"ValueType":"System.Int32"},"Value":0},{"Key":{"Id":"ExecutionId","Label":"ExecutionId","Category":"","Description":"","Attributes":1,"ValueType":"System.Guid"},"Value":"00000000-0000-0000-0000-000000000000"}]},{"TestCase":{"Id":"f719faab-8a30-eeea-6466-e6e6624964de","FullyQualifiedName":"Tests.UnitTest1.AuthorizationCheck_returnFalse","DisplayName":"AuthorizationCheck_returnFalse","ExecutorUri":"executor://MSTestAdapter/v2","Source":"C:\\Develop\\exams\\PM\\csharp\\WpfApp1\\Tests\\bin\\Debug\\net7.0\\fine-code-coverage\\build-output\\Tests.dll","CodeFilePath":null,"LineNumber":-1,"Properties":[{"Key":{"Id":"MSTestDiscoverer.TestClassName","Label":"ClassName","Category":"","Description":"","Attributes":1,"ValueType":"System.String"},"Value":"Tests.UnitTest1"},{"Key":{"Id":"TestCase.Hierarchy","Label":"Hierarchy","Category":"","Description":"","Attributes":2,"ValueType":"System.String[]"},"Value":["Tests","UnitTest1"]},{"Key":{"Id":"TestCase.ManagedType","Label":"ManagedType","Category":"","Description":"","Attributes":1,"ValueType":"System.String"},"Value":"Tests.UnitTest1"},{"Key":{"Id":"TestObject.Traits","Label":"Traits","Category":"","Description":"","Attributes":5,"ValueType":"System.Collections.Generic.KeyValuePair`2[[System.String],[System.String]][]"},"Value":[]},{"Key":{"Id":"TestCase.ManagedMethod","Label":"ManagedMethod","Category":"","Description":"","Attributes":1,"ValueType":"System.String"},"Value":"AuthorizationCheck_returnFalse"}]},"Attachments":[],"Outcome":2,"ErrorMessage":"Test method Tests.UnitTest1.AuthorizationCheck_returnFalse threw exception: \r\nSystem.BadImageFormatException: Could not load file or assembly 'C:\\Develop\\exams\\PM\\csharp\\WpfApp1\\Tests\\bin\\Debug\\net7.0\\fine-code-coverage\\build-output\\WpfApp1.exe'. Format of the executable (.exe) or library (.dll) is invalid.","ErrorStackTrace":"    at Tests.UnitTest1.AuthorizationCheck_returnFalse()\r\n   at System.RuntimeMethodHandle.InvokeMethod(Object target, Void** arguments, Signature sig, Boolean isConstructor)\r\n   at System.Reflection.MethodInvoker.Invoke(Object obj, IntPtr* args, BindingFlags invokeAttr)\r\n","DisplayName":"AuthorizationCheck_returnFalse","Messages":[],"ComputerName":null,"Duration":"00:00:00.0003866","StartTime":"2023-12-28T01:06:34.7927083+05:00","EndTime":"2023-12-28T01:06:34.7934402+05:00","Properties":[{"Key":{"Id":"ParentExecId","Label":"ParentExecId","Category":"","Description":"","Attributes":1,"ValueType":"System.Guid"},"Value":"00000000-0000-0000-0000-000000000000"},{"Key":{"Id":"InnerResultsCount","Label":"InnerResultsCount","Category":"","Description":"","Attributes":1,"ValueType":"System.Int32"},"Value":0},{"Key":{"Id":"ExecutionId","Label":"ExecutionId","Category":"","Description":"","Attributes":1,"ValueType":"System.Guid"},"Value":"00000000-0000-0000-0000-000000000000"}]}],"TestRunStatistics":{"ExecutedTests":2,"Stats":{"Failed":2}},"ActiveTests":[]},"RunAttachments":[],"ExecutorUris":["executor://mstestadapter/v2"]}}
TpTrace Verbose: 0 : 27768, 4, 2023/12/28, 01:06:34.821, 1214902351783, testhost.dll, BaseRunTests.RunTests: Run is complete.
TpTrace Verbose: 0 : 27768, 8, 2023/12/28, 01:06:34.822, 1214902359773, testhost.dll, TcpClientExtensions.MessageLoopAsync: NotifyDataAvailable remoteEndPoint: [::ffff:127.0.0.1]:57132 localEndPoint: [::ffff:127.0.0.1]:57133
TpTrace Information: 0 : 27768, 8, 2023/12/28, 01:06:34.822, 1214902361442, testhost.dll, TestRequestHandler.OnMessageReceived: received message: (TestSession.Terminate) -> {"MessageType":"TestSession.Terminate","Payload":null}
TpTrace Information: 0 : 27768, 8, 2023/12/28, 01:06:34.822, 1214902361982, testhost.dll, Session End message received from server. Closing the connection.
TpTrace Information: 0 : 27768, 8, 2023/12/28, 01:06:34.823, 1214902366928, testhost.dll, SocketClient.Stop: Stop communication from server endpoint: 127.0.0.1:057132
TpTrace Information: 0 : 27768, 8, 2023/12/28, 01:06:34.823, 1214902367693, testhost.dll, SocketClient: Stop: Cancellation requested. Stopping message loop.
TpTrace Information: 0 : 27768, 1, 2023/12/28, 01:06:34.823, 1214902369429, testhost.dll, Closing the connection!
TpTrace Information: 0 : 27768, 1, 2023/12/28, 01:06:34.823, 1214902370257, testhost.dll, SocketClient.Stop: Stop communication from server endpoint: 127.0.0.1:057132
TpTrace Information: 0 : 27768, 1, 2023/12/28, 01:06:34.823, 1214902370599, testhost.dll, SocketClient: Stop: Cancellation requested. Stopping message loop.
TpTrace Verbose: 0 : 27768, 8, 2023/12/28, 01:06:34.823, 1214902370711, testhost.dll, LengthPrefixCommunicationChannel.Dispose: Dispose reader and writer.
TpTrace Verbose: 0 : 27768, 1, 2023/12/28, 01:06:34.823, 1214902370893, testhost.dll, LengthPrefixCommunicationChannel.Dispose: Dispose reader and writer.
TpTrace Information: 0 : 27768, 8, 2023/12/28, 01:06:34.823, 1214902371663, testhost.dll, Closing the connection !
TpTrace Information: 0 : 27768, 1, 2023/12/28, 01:06:34.823, 1214902372577, testhost.dll, Testhost process exiting.
TpTrace Verbose: 0 : 27768, 8, 2023/12/28, 01:06:34.823, 1214902372699, testhost.dll, MulticastDelegateUtilities.SafeInvoke: LengthPrefixCommunicationChannel: MessageReceived: Invoking callback 1/1 for Microsoft.VisualStudio.TestPlatform.CommunicationUtilities.TestRequestHandler., took 1 ms.
TpTrace Information: 0 : 27768, 8, 2023/12/28, 01:06:34.824, 1214902375942, testhost.dll, SocketClient.PrivateStop: Stop communication from server endpoint: 127.0.0.1:057132, error:
